---------------------------------------------------------------------------------------------------------------------------------------------------------
      name:  <unnamed>
       log:  C:\Users\dstone\Dropbox\who_how\scripts\survey\all.log
  log type:  text
 opened on:   2 Mar 2016, 10:21:27

. 
. 
. use "C:\Users\dstone\Dropbox\who_how\data\survey_data\cleansurvey.dta", clear

. 
. 
. 
. ren recall_order order

. 
. gen outParty = 0

. replace outP = 1 if Dem==1 & recall_par=="rep"
(474 real changes made)

. replace outP = 1 if Dem==0 & recall_par=="dem"
(392 real changes made)

. 
. gen orderOut = order*out

. 
. gen extreme = -recall_rating if recall_par=="dem"
(830 missing values generated)

. replace extreme = recall_rat if recall_par=="rep"
(820 real changes made)

. 
. gen extreme2 = cfscore

. replace extreme2 = -cfscore if recall_par=="dem"
(900 real changes made)

. 
. gen extreme2b = cfscoresdyn

. replace extreme2b = - cfscoresdyn if recall_par=="dem"
(900 real changes made)

. 
. 
. 
. pca extreme2* 

Principal components/correlation                  Number of obs    =      1725
                                                  Number of comp.  =         2
                                                  Trace            =         2
    Rotation: (unrotated = principal)             Rho              =    1.0000

    --------------------------------------------------------------------------
       Component |   Eigenvalue   Difference         Proportion   Cumulative
    -------------+------------------------------------------------------------
           Comp1 |      1.89242      1.78483             0.9462       0.9462
           Comp2 |      .107585            .             0.0538       1.0000
    --------------------------------------------------------------------------

Principal components (eigenvectors) 

    ------------------------------------------------
        Variable |    Comp1     Comp2 | Unexplained 
    -------------+--------------------+-------------
        extreme2 |   0.7071    0.7071 |           0 
       extreme2b |   0.7071   -0.7071 |           0 
    ------------------------------------------------

. predict extpca
(score assumed)
(1 components skipped)

Scoring coefficients 
    sum of squares(column-loading) = 1

    ----------------------------------
        Variable |    Comp1     Comp2 
    -------------+--------------------
        extreme2 |   0.7071           
       extreme2b |   0.7071   -0.7071 
    ----------------------------------

. 
. egen id = group(uniqid)

. 
. xtset id
       panel variable:  id (unbalanced)

. 
. xi: qui reg extreme outParty order  if recall_par=="dem", robust cluster(id)

. est store a

. xi: qui reg extreme outParty order orderOut  if recall_par=="dem", robust cluster(id)

. est store b

. 
. xi: qui reg extreme outParty order  i.name  if recall_par=="dem", robust cluster(id)
i.name            _Iname_1-30         (_Iname_1 for name==al gore omitted)

. est store c

. xi: qui reg extreme outParty order orderOut i.name  if recall_par=="dem", robust cluster(id)
i.name            _Iname_1-30         (_Iname_1 for name==al gore omitted)

. est store d

. 
. xi: qui reg extreme outParty order  i.name i.educ i.age Whi if recall_par=="dem" , robust cluster(id)
i.name            _Iname_1-30         (_Iname_1 for name==al gore omitted)
i.educ            _Ieduc_1-4          (_Ieduc_1 for educ==Advanced degree omitted)
i.age             _Iage_1-3           (_Iage_1 for age==18-29 omitted)

. est store e

. xi: qui reg extreme outParty order orderOut i.name i.educ i.age Whi  if recall_par=="dem", robust cluster(id)
i.name            _Iname_1-30         (_Iname_1 for name==al gore omitted)
i.educ            _Ieduc_1-4          (_Ieduc_1 for educ==Advanced degree omitted)
i.age             _Iage_1-3           (_Iage_1 for age==18-29 omitted)

. est store f

. 
. xi: qui reg extreme outParty order  i.name i.educ i.ideo i.age Whi  if recall_par=="dem", robust cluster(id)
i.name            _Iname_1-30         (_Iname_1 for name==al gore omitted)
i.educ            _Ieduc_1-4          (_Ieduc_1 for educ==Advanced degree omitted)
i.ideo            _Iideo_1-4          (_Iideo_1 for ideo==Conservative omitted)
i.age             _Iage_1-3           (_Iage_1 for age==18-29 omitted)

. est store g

. xi: qui reg extreme outParty order orderOut i.name i.educ i.ideo i.age Whi  if recall_par=="dem", robust cluster(id)
i.name            _Iname_1-30         (_Iname_1 for name==al gore omitted)
i.educ            _Ieduc_1-4          (_Ieduc_1 for educ==Advanced degree omitted)
i.ideo            _Iideo_1-4          (_Iideo_1 for ideo==Conservative omitted)
i.age             _Iage_1-3           (_Iage_1 for age==18-29 omitted)

. est store h

. 
. estout a b c d e f g h, keep ( outParty order orderOut ) style(tex) cells(b(star fmt(3)) se(par)) stats(r2_a N, fmt(%9.3f %9.0g)) starlevels(* 0.10 ** 
> 0.05 *** 0.01)

            &           a   &           b   &           c   &           d   &           e   &           f   &           g   &           h   \\
            &        b/se   &        b/se   &        b/se   &        b/se   &        b/se   &        b/se   &        b/se   &        b/se   \\
outParty    &       0.577***&       0.982***&       0.567***&       1.008***&       0.559***&       1.000***&       0.993***&       1.432***\\
            &     (0.110)   &     (0.164)   &     (0.111)   &     (0.166)   &     (0.115)   &     (0.166)   &     (0.210)   &     (0.238)   \\
order       &      -0.121***&      -0.030   &      -0.145***&      -0.044   &      -0.150***&      -0.048   &      -0.141***&      -0.040   \\
            &     (0.034)   &     (0.045)   &     (0.051)   &     (0.060)   &     (0.051)   &     (0.059)   &     (0.051)   &     (0.058)   \\
orderOut    &               &      -0.209***&               &      -0.230***&               &      -0.231***&               &      -0.229***\\
            &               &     (0.068)   &               &     (0.070)   &               &     (0.069)   &               &     (0.069)   \\
r2_a        &       0.062   &       0.066   &       0.072   &       0.077   &       0.083   &       0.088   &       0.120   &       0.125   \\
N           &         895   &         895   &         895   &         895   &         895   &         895   &         895   &         895   \\

. 
. 
. ****
. 
. xi: qui reg extreme outParty order  if recall_par=="rep", robust cluster(id)

. est store a

. xi: qui reg extreme outParty order orderOut  if recall_par=="rep", robust cluster(id)

. est store b

. 
. xi: qui reg extreme outParty order  i.name  if recall_par=="rep", robust cluster(id)
i.name            _Iname_1-30         (_Iname_1 for name==al gore omitted)

. est store c

. xi: qui reg extreme outParty order orderOut i.name  if recall_par=="rep", robust cluster(id)
i.name            _Iname_1-30         (_Iname_1 for name==al gore omitted)

. est store d

. 
. xi: qui reg extreme outParty order  i.name i.educ i.age Whi if recall_par=="rep" , robust cluster(id)
i.name            _Iname_1-30         (_Iname_1 for name==al gore omitted)
i.educ            _Ieduc_1-4          (_Ieduc_1 for educ==Advanced degree omitted)
i.age             _Iage_1-3           (_Iage_1 for age==18-29 omitted)

. est store e

. xi: qui reg extreme outParty order orderOut i.name i.educ i.age Whi  if recall_par=="rep", robust cluster(id)
i.name            _Iname_1-30         (_Iname_1 for name==al gore omitted)
i.educ            _Ieduc_1-4          (_Ieduc_1 for educ==Advanced degree omitted)
i.age             _Iage_1-3           (_Iage_1 for age==18-29 omitted)

. est store f

. 
. xi: qui reg extreme outParty order  i.name i.educ i.ideo i.age Whi  if recall_par=="rep", robust cluster(id)
i.name            _Iname_1-30         (_Iname_1 for name==al gore omitted)
i.educ            _Ieduc_1-4          (_Ieduc_1 for educ==Advanced degree omitted)
i.ideo            _Iideo_1-4          (_Iideo_1 for ideo==Conservative omitted)
i.age             _Iage_1-3           (_Iage_1 for age==18-29 omitted)

. est store g

. xi: qui reg extreme outParty order orderOut i.name i.educ i.ideo i.age Whi  if recall_par=="rep", robust cluster(id)
i.name            _Iname_1-30         (_Iname_1 for name==al gore omitted)
i.educ            _Ieduc_1-4          (_Ieduc_1 for educ==Advanced degree omitted)
i.ideo            _Iideo_1-4          (_Iideo_1 for ideo==Conservative omitted)
i.age             _Iage_1-3           (_Iage_1 for age==18-29 omitted)

. est store h

. 
. estout a b c d e f g h, keep ( outParty order orderOut ) style(tex) cells(b(star fmt(3)) se(par)) stats(r2_a N, fmt(%9.3f %9.0g)) starlevels(* 0.10 ** 
> 0.05 *** 0.01)

            &           a   &           b   &           c   &           d   &           e   &           f   &           g   &           h   \\
            &        b/se   &        b/se   &        b/se   &        b/se   &        b/se   &        b/se   &        b/se   &        b/se   \\
outParty    &       0.275***&       0.393** &       0.249***&       0.372** &       0.226** &       0.355** &      -0.170   &      -0.044   \\
            &     (0.089)   &     (0.164)   &     (0.089)   &     (0.167)   &     (0.091)   &     (0.169)   &     (0.153)   &     (0.214)   \\
order       &      -0.071*  &      -0.037   &      -0.090** &      -0.055   &      -0.090** &      -0.053   &      -0.093** &      -0.056   \\
            &     (0.039)   &     (0.057)   &     (0.044)   &     (0.061)   &     (0.044)   &     (0.060)   &     (0.044)   &     (0.060)   \\
orderOut    &               &      -0.061   &               &      -0.063   &               &      -0.066   &               &      -0.065   \\
            &               &     (0.079)   &               &     (0.082)   &               &     (0.081)   &               &     (0.080)   \\
r2_a        &       0.017   &       0.016   &       0.071   &       0.070   &       0.076   &       0.075   &       0.101   &       0.101   \\
N           &         820   &         820   &         820   &         820   &         820   &         820   &         820   &         820   \\

. 
. 
. 
. 
. 
. 
. 
. 
. ****
. 
. 
. 
. xi: qui reg extreme2 outParty order exec leg legl if recall_par=="dem", robust cluster(name)

. est sto a

. xi: qui reg extreme2 outParty order orderOut exec leg legl if recall_par=="dem",  robust cluster(name)

. est sto b

. 
. xi: qui reg extreme2 outParty order   exec leg legl  if recall_par=="dem", robust cluster(name)

. est sto c

. xi: qui reg extreme2 outParty order orderOut   exec leg legl if recall_par=="dem",  robust cluster(name)

. est sto d

. 
. xi: qui reg extreme2 outParty order  exec leg legl  i.educ i.age Whi if recall_par=="dem" , robust cluster(name)
i.educ            _Ieduc_1-4          (_Ieduc_1 for educ==Advanced degree omitted)
i.age             _Iage_1-3           (_Iage_1 for age==18-29 omitted)

. est sto e

. xi: qui reg extreme2 outParty order orderOut exec leg legl  i.educ i.age Whi  if recall_par=="dem",  robust cluster(name)
i.educ            _Ieduc_1-4          (_Ieduc_1 for educ==Advanced degree omitted)
i.age             _Iage_1-3           (_Iage_1 for age==18-29 omitted)

. est sto f

. 
. 
. estout a b c d e f , keep ( outParty order orderOut ) style(tex) cells(b(star fmt(3)) se(par)) stats(r2_a N, fmt(%9.3f %9.0g)) starlevels(* 0.10 ** 0.0
> 5 *** 0.01)

            &           a   &           b   &           c   &           d   &           e   &           f   \\
            &        b/se   &        b/se   &        b/se   &        b/se   &        b/se   &        b/se   \\
outParty    &      -0.033   &      -0.006   &      -0.033   &      -0.006   &      -0.028   &      -0.003   \\
            &     (0.021)   &     (0.046)   &     (0.021)   &     (0.046)   &     (0.019)   &     (0.045)   \\
order       &      -0.142***&      -0.136***&      -0.142***&      -0.136***&      -0.142***&      -0.137***\\
            &     (0.043)   &     (0.038)   &     (0.043)   &     (0.038)   &     (0.042)   &     (0.038)   \\
orderOut    &               &      -0.014   &               &      -0.014   &               &      -0.013   \\
            &               &     (0.026)   &               &     (0.026)   &               &     (0.026)   \\
r2_a        &       0.336   &       0.335   &       0.336   &       0.335   &       0.337   &       0.337   \\
N           &         900   &         900   &         900   &         900   &         900   &         900   \\

. 
. 
. 
. ****
. 
. xi: qui reg extreme2 outParty order  exec leg legl if recall_par=="rep", robust cluster(name)

. est sto a

. xi: qui reg extreme2 outParty order orderOut  exec leg legl if recall_par=="rep",  robust cluster(name)

. est sto b

. 
. xi: qui reg extreme2 outParty order     exec leg legl if recall_par=="rep", robust cluster(name)

. est sto c

. xi: qui reg extreme2 outParty order orderOut    exec leg legl if recall_par=="rep",  robust cluster(name)

. est sto d

. 
. xi: qui reg extreme2 outParty order    i.educ i.age Whi exec leg legl if recall_par=="rep" , robust cluster(name)
i.educ            _Ieduc_1-4          (_Ieduc_1 for educ==Advanced degree omitted)
i.age             _Iage_1-3           (_Iage_1 for age==18-29 omitted)

. est sto e

. xi: qui reg extreme2 outParty order orderOut   i.educ i.age Whi  exec leg legl if recall_par=="rep",  robust cluster(name)
i.educ            _Ieduc_1-4          (_Ieduc_1 for educ==Advanced degree omitted)
i.age             _Iage_1-3           (_Iage_1 for age==18-29 omitted)

. est sto f

. 
. 
. estout a b c d e f , keep ( outParty order orderOut ) style(tex) cells(b(star fmt(3)) se(par)) stats(r2_a N, fmt(%9.3f %9.0g)) starlevels(* 0.10 ** 0.0
> 5 *** 0.01)

            &           a   &           b   &           c   &           d   &           e   &           f   \\
            &        b/se   &        b/se   &        b/se   &        b/se   &        b/se   &        b/se   \\
outParty    &      -0.019*  &      -0.008   &      -0.019*  &      -0.008   &      -0.019*  &      -0.009   \\
            &     (0.010)   &     (0.017)   &     (0.010)   &     (0.017)   &     (0.010)   &     (0.018)   \\
order       &      -0.004   &      -0.001   &      -0.004   &      -0.001   &      -0.003   &       0.000   \\
            &     (0.018)   &     (0.019)   &     (0.018)   &     (0.019)   &     (0.018)   &     (0.019)   \\
orderOut    &               &      -0.006   &               &      -0.006   &               &      -0.005   \\
            &               &     (0.007)   &               &     (0.007)   &               &     (0.007)   \\
r2_a        &       0.376   &       0.376   &       0.376   &       0.376   &       0.376   &       0.375   \\
N           &         825   &         825   &         825   &         825   &         825   &         825   \\

. 
. 
. 
. 
. ****
. 
. 
. 
. 
. xi: qui reg extreme2b outParty order  exec leg legl if recall_par=="dem", robust cluster(name)

. est sto a

. xi: qui reg extreme2b outParty order orderOut  exec leg legl if recall_par=="dem",  robust cluster(name)

. est sto b

. 
. xi: qui reg extreme2b outParty order     exec leg legl if recall_par=="dem", robust cluster(name)

. est sto c

. xi: qui reg extreme2b outParty order orderOut    exec leg legl if recall_par=="dem",  robust cluster(name)

. est sto d

. 
. xi: qui reg extreme2b outParty order    i.educ i.age Whi exec leg legl if recall_par=="dem" , robust cluster(name)
i.educ            _Ieduc_1-4          (_Ieduc_1 for educ==Advanced degree omitted)
i.age             _Iage_1-3           (_Iage_1 for age==18-29 omitted)

. est sto e

. xi: qui reg extreme2b outParty order orderOut   i.educ i.age Whi  exec leg legl if recall_par=="dem",  robust cluster(name)
i.educ            _Ieduc_1-4          (_Ieduc_1 for educ==Advanced degree omitted)
i.age             _Iage_1-3           (_Iage_1 for age==18-29 omitted)

. est sto f

. 
. 
. estout a b c d e f , keep ( outParty order orderOut ) style(tex) cells(b(star fmt(3)) se(par)) stats(r2_a N, fmt(%9.3f %9.0g)) starlevels(* 0.10 ** 0.0
> 5 *** 0.01)

            &           a   &           b   &           c   &           d   &           e   &           f   \\
            &        b/se   &        b/se   &        b/se   &        b/se   &        b/se   &        b/se   \\
outParty    &      -0.035   &      -0.023   &      -0.035   &      -0.023   &      -0.031   &      -0.020   \\
            &     (0.021)   &     (0.057)   &     (0.021)   &     (0.057)   &     (0.020)   &     (0.056)   \\
order       &      -0.182***&      -0.179***&      -0.182***&      -0.179***&      -0.182***&      -0.179***\\
            &     (0.045)   &     (0.038)   &     (0.045)   &     (0.038)   &     (0.045)   &     (0.038)   \\
orderOut    &               &      -0.006   &               &      -0.006   &               &      -0.006   \\
            &               &     (0.029)   &               &     (0.029)   &               &     (0.028)   \\
r2_a        &       0.372   &       0.371   &       0.372   &       0.371   &       0.371   &       0.370   \\
N           &         900   &         900   &         900   &         900   &         900   &         900   \\

. 
. 
. ****
. 
. xi: qui reg extreme2b outParty order  exec leg legl if recall_par=="rep", robust cluster(name)

. est sto a

. xi: qui reg extreme2b outParty order orderOut  exec leg legl if recall_par=="rep",  robust cluster(name)

. est sto b

. 
. xi: qui reg extreme2b outParty order     exec leg legl if recall_par=="rep", robust cluster(name)

. est sto c

. xi: qui reg extreme2b outParty order orderOut    exec leg legl if recall_par=="rep",  robust cluster(name)

. est sto d

. 
. xi: qui reg extreme2b outParty order    i.educ i.age Whi exec leg legl if recall_par=="rep" , robust cluster(name)
i.educ            _Ieduc_1-4          (_Ieduc_1 for educ==Advanced degree omitted)
i.age             _Iage_1-3           (_Iage_1 for age==18-29 omitted)

. est sto e

. xi: qui reg extreme2b outParty order orderOut   i.educ i.age Whi  exec leg legl if recall_par=="rep",  robust cluster(name)
i.educ            _Ieduc_1-4          (_Ieduc_1 for educ==Advanced degree omitted)
i.age             _Iage_1-3           (_Iage_1 for age==18-29 omitted)

. est sto f

. 
. 
. estout a b c d e f , keep ( outParty order orderOut ) style(tex) cells(b(star fmt(3)) se(par)) stats(r2_a N, fmt(%9.3f %9.0g)) starlevels(* 0.10 ** 0.0
> 5 *** 0.01)

            &           a   &           b   &           c   &           d   &           e   &           f   \\
            &        b/se   &        b/se   &        b/se   &        b/se   &        b/se   &        b/se   \\
outParty    &      -0.026** &      -0.030   &      -0.026** &      -0.030   &      -0.026*  &      -0.030   \\
            &     (0.012)   &     (0.023)   &     (0.012)   &     (0.023)   &     (0.013)   &     (0.023)   \\
order       &      -0.030   &      -0.031   &      -0.030   &      -0.031   &      -0.029   &      -0.030   \\
            &     (0.022)   &     (0.023)   &     (0.022)   &     (0.023)   &     (0.021)   &     (0.022)   \\
orderOut    &               &       0.002   &               &       0.002   &               &       0.002   \\
            &               &     (0.010)   &               &     (0.010)   &               &     (0.009)   \\
r2_a        &       0.279   &       0.278   &       0.279   &       0.278   &       0.276   &       0.275   \\
N           &         825   &         825   &         825   &         825   &         825   &         825   \\

. 
. 
. 
. 
. 
. 
. 
. 
. 
. 
. **************************
. 
. 
. 
. 
. 
. xi: qui reg extpca outParty order  exec leg legl if recall_par=="dem", robust cluster(name)

. est sto a

. xi: qui reg extpca outParty order orderOut  exec leg legl if recall_par=="dem",  robust cluster(name)

. est sto b

. 
. xi: qui reg extpca outParty order     exec leg legl if recall_par=="dem", robust cluster(name)

. est sto c

. xi: qui reg extpca outParty order orderOut    exec leg legl if recall_par=="dem",  robust cluster(name)

. est sto d

. 
. xi: qui reg extpca outParty order    i.educ i.age Whi exec leg legl if recall_par=="dem" , robust cluster(name)
i.educ            _Ieduc_1-4          (_Ieduc_1 for educ==Advanced degree omitted)
i.age             _Iage_1-3           (_Iage_1 for age==18-29 omitted)

. est sto e

. xi: qui reg extpca outParty order orderOut   i.educ i.age Whi  exec leg legl if recall_par=="dem",  robust cluster(name)
i.educ            _Ieduc_1-4          (_Ieduc_1 for educ==Advanced degree omitted)
i.age             _Iage_1-3           (_Iage_1 for age==18-29 omitted)

. est sto f

. 
. 
. estout a b c d e f , keep ( outParty order orderOut ) style(tex) cells(b(star fmt(3)) se(par)) stats(r2_a N, fmt(%9.3f %9.0g)) starlevels(* 0.10 ** 0.0
> 5 *** 0.01)

            &           a   &           b   &           c   &           d   &           e   &           f   \\
            &        b/se   &        b/se   &        b/se   &        b/se   &        b/se   &        b/se   \\
outParty    &      -0.174   &      -0.071   &      -0.174   &      -0.071   &      -0.153   &      -0.056   \\
            &     (0.107)   &     (0.261)   &     (0.107)   &     (0.261)   &     (0.098)   &     (0.255)   \\
order       &      -0.824***&      -0.801***&      -0.824***&      -0.801***&      -0.826***&      -0.804***\\
            &     (0.224)   &     (0.195)   &     (0.224)   &     (0.195)   &     (0.223)   &     (0.195)   \\
orderOut    &               &      -0.054   &               &      -0.054   &               &      -0.051   \\
            &               &     (0.140)   &               &     (0.140)   &               &     (0.137)   \\
r2_a        &       0.358   &       0.357   &       0.358   &       0.357   &       0.358   &       0.357   \\
N           &         900   &         900   &         900   &         900   &         900   &         900   \\

. 
. 
. ****
. 
. xi: qui reg extpca outParty order  exec leg legl if recall_par=="rep", robust cluster(name)

. est sto a

. xi: qui reg extpca outParty order orderOut  exec leg legl if recall_par=="rep",  robust cluster(name)

. est sto b

. 
. xi: qui reg extpca outParty order     exec leg legl if recall_par=="rep", robust cluster(name)

. est sto c

. xi: qui reg extpca outParty order orderOut    exec leg legl if recall_par=="rep",  robust cluster(name)

. est sto d

. 
. xi: qui reg extpca outParty order    i.educ i.age Whi exec leg legl if recall_par=="rep" , robust cluster(name)
i.educ            _Ieduc_1-4          (_Ieduc_1 for educ==Advanced degree omitted)
i.age             _Iage_1-3           (_Iage_1 for age==18-29 omitted)

. est sto e

. xi: qui reg extpca outParty order orderOut   i.educ i.age Whi  exec leg legl if recall_par=="rep",  robust cluster(name)
i.educ            _Ieduc_1-4          (_Ieduc_1 for educ==Advanced degree omitted)
i.age             _Iage_1-3           (_Iage_1 for age==18-29 omitted)

. est sto f

. 
. 
. estout a b c d e f , keep ( outParty order orderOut ) style(tex) cells(b(star fmt(3)) se(par)) stats(r2_a N, fmt(%9.3f %9.0g)) starlevels(* 0.10 ** 0.0
> 5 *** 0.01)

            &           a   &           b   &           c   &           d   &           e   &           f   \\
            &        b/se   &        b/se   &        b/se   &        b/se   &        b/se   &        b/se   \\
outParty    &      -0.115** &      -0.093   &      -0.115** &      -0.093   &      -0.116*  &      -0.094   \\
            &     (0.054)   &     (0.091)   &     (0.054)   &     (0.091)   &     (0.057)   &     (0.091)   \\
order       &      -0.080   &      -0.073   &      -0.080   &      -0.073   &      -0.076   &      -0.070   \\
            &     (0.093)   &     (0.095)   &     (0.093)   &     (0.095)   &     (0.092)   &     (0.093)   \\
orderOut    &               &      -0.011   &               &      -0.011   &               &      -0.011   \\
            &               &     (0.037)   &               &     (0.037)   &               &     (0.037)   \\
r2_a        &       0.370   &       0.369   &       0.370   &       0.369   &       0.368   &       0.367   \\
N           &         825   &         825   &         825   &         825   &         825   &         825   \\

. 
. log close
      name:  <unnamed>
       log:  C:\Users\dstone\Dropbox\who_how\scripts\survey\all.log
  log type:  text
 closed on:   2 Mar 2016, 10:21:28
---------------------------------------------------------------------------------------------------------------------------------------------------------
