---------------------------------------------------------------------------------------------------------------------------------------------------------
      name:  <unnamed>
       log:  C:\Users\dstone\Dropbox\who_how\scripts\survey\all_sumstats.log
  log type:  text
 opened on:  13 Apr 2016, 10:56:42

. 
. 
. use "C:\Users\dstone\Dropbox\who_how\data\survey\cleansurvey.dta", clear

. 
. 
. 
. ren recall_order order

. 
. gen outParty = 0

. replace outP = 1 if Dem==1 & recall_par=="rep"
(474 real changes made)

. replace outP = 1 if Dem==0 & recall_par=="dem"
(392 real changes made)

. 
. gen orderOut = order*out

. 
. gen extreme = -recall_rating if recall_par=="dem"
(830 missing values generated)

. replace extreme = recall_rat if recall_par=="rep"
(820 real changes made)

. 
. gen extreme2 = cfscore

. replace extreme2 = -cfscore if recall_par=="dem"
(900 real changes made)

. 
. gen extreme2b = cfscoresdyn

. replace extreme2b = - cfscoresdyn if recall_par=="dem"
(900 real changes made)

. 
. 
. gen Rpol = (recall_par=="rep")

. 
. pca extreme2* 

Principal components/correlation                  Number of obs    =      1725
                                                  Number of comp.  =         2
                                                  Trace            =         2
    Rotation: (unrotated = principal)             Rho              =    1.0000

    --------------------------------------------------------------------------
       Component |   Eigenvalue   Difference         Proportion   Cumulative
    -------------+------------------------------------------------------------
           Comp1 |      1.89242      1.78483             0.9462       0.9462
           Comp2 |      .107585            .             0.0538       1.0000
    --------------------------------------------------------------------------

Principal components (eigenvectors) 

    ------------------------------------------------
        Variable |    Comp1     Comp2 | Unexplained 
    -------------+--------------------+-------------
        extreme2 |   0.7071    0.7071 |           0 
       extreme2b |   0.7071   -0.7071 |           0 
    ------------------------------------------------

. predict extpca
(score assumed)
(1 components skipped)

Scoring coefficients 
    sum of squares(column-loading) = 1

    ----------------------------------
        Variable |    Comp1     Comp2 
    -------------+--------------------
        extreme2 |   0.7071           
       extreme2b |   0.7071   -0.7071 
    ----------------------------------

. 
. tab age

        age |      Freq.     Percent        Cum.
------------+-----------------------------------
      18-29 |        400       23.19       23.19
      30-49 |        722       41.86       65.04
        50+ |        603       34.96      100.00
------------+-----------------------------------
      Total |      1,725      100.00

. 
. tab gend

     gender |      Freq.     Percent        Cum.
------------+-----------------------------------
     Female |        810       46.96       46.96
       Male |        915       53.04      100.00
------------+-----------------------------------
      Total |      1,725      100.00

. 
. tab race

                                   race |      Freq.     Percent        Cum.
----------------------------------------+-----------------------------------
                                  Asian |         68        3.94        3.94
                 Black/African American |         81        4.70        8.64
                     More than one race |         38        2.20       10.84
       Native American or Alaska Native |         18        1.04       11.88
Native Hawaiian or other Pacific Isla.. |          4        0.23       12.12
                        White/Caucasian |      1,516       87.88      100.00
----------------------------------------+-----------------------------------
                                  Total |      1,725      100.00

. 
. tab educ

                            educ |      Freq.     Percent        Cum.
---------------------------------+-----------------------------------
                 Advanced degree |        184       10.67       10.67
               Bachelor's degree |        720       41.74       52.41
High school degree or equivalent |        191       11.07       63.48
                    Some college |        630       36.52      100.00
---------------------------------+-----------------------------------
                           Total |      1,725      100.00

. 
. tab pid3

       pid3 |      Freq.     Percent        Cum.
------------+-----------------------------------
   Democrat |        982       56.93       56.93
Independent |        209       12.12       69.04
 Republican |        534       30.96      100.00
------------+-----------------------------------
      Total |      1,725      100.00

. 
. 
. log close
      name:  <unnamed>
       log:  C:\Users\dstone\Dropbox\who_how\scripts\survey\all_sumstats.log
  log type:  text
 closed on:  13 Apr 2016, 10:56:42
---------------------------------------------------------------------------------------------------------------------------------------------------------
