---------------------------------------------------------------------------------------------------------------------------------------------------------
      name:  <unnamed>
       log:  C:\Users\dstone\Dropbox\who_how\scripts\survey\leg.log
  log type:  text
 opened on:   2 Mar 2016, 10:23:54

. 
. 
. use "C:\Users\dstone\Dropbox\who_how\data\survey_data\cleansurvey.dta", clear

. 
. keep if leg==1
(1230 observations deleted)

. 
. ren recall_order order

. 
. gen outParty = 0

. replace outP = 1 if Dem==1 & recall_par=="rep"
(163 real changes made)

. replace outP = 1 if Dem==0 & recall_par=="dem"
(109 real changes made)

. 
. gen orderOut = order*out

. 
. gen extreme = -recall_rating  if recall_par=="dem"
(283 missing values generated)

. replace extreme = recall_rat  if recall_par=="rep"
(282 real changes made)

. 
. gen extreme2 = cfscore

. replace extreme2 = -cfscore  if recall_par=="dem"
(213 real changes made)

. 
. gen extreme2b = cfscoresdyn

. replace extreme2b = - cfscoresdyn  if recall_par=="dem"
(213 real changes made)

. 
. 
. 
. pca extreme2* 

Principal components/correlation                  Number of obs    =       495
                                                  Number of comp.  =         2
                                                  Trace            =         2
    Rotation: (unrotated = principal)             Rho              =    1.0000

    --------------------------------------------------------------------------
       Component |   Eigenvalue   Difference         Proportion   Cumulative
    -------------+------------------------------------------------------------
           Comp1 |      1.95881      1.91762             0.9794       0.9794
           Comp2 |     .0411891            .             0.0206       1.0000
    --------------------------------------------------------------------------

Principal components (eigenvectors) 

    ------------------------------------------------
        Variable |    Comp1     Comp2 | Unexplained 
    -------------+--------------------+-------------
        extreme2 |   0.7071    0.7071 |           0 
       extreme2b |   0.7071   -0.7071 |           0 
    ------------------------------------------------

. predict extpca
(score assumed)
(1 components skipped)

Scoring coefficients 
    sum of squares(column-loading) = 1

    ----------------------------------
        Variable |    Comp1     Comp2 
    -------------+--------------------
        extreme2 |   0.7071           
       extreme2b |   0.7071   -0.7071 
    ----------------------------------

. 
. egen id = group(uniqid)

. 
. xtset id
       panel variable:  id (unbalanced)

. 
. xi: qui reg extreme outParty order  legl if recall_par=="dem", robust cluster(id)

. est store a

. xi: qui reg extreme outParty order orderOut  legl if recall_par=="dem", robust cluster(id)

. est store b

. 
. xi: qui reg extreme outParty order  i.name  legl if recall_par=="dem", robust cluster(id)
i.name            _Iname_1-13         (_Iname_1 for name==elizabeth warren omitted)

. est store c

. xi: qui reg extreme outParty order orderOut i.name  legl if recall_par=="dem", robust cluster(id)
i.name            _Iname_1-13         (_Iname_1 for name==elizabeth warren omitted)

. est store d

. 
. xi: qui reg extreme outParty order  i.name i.educ i.age Whi legl if recall_par=="dem" , robust cluster(id)
i.name            _Iname_1-13         (_Iname_1 for name==elizabeth warren omitted)
i.educ            _Ieduc_1-4          (_Ieduc_1 for educ==Advanced degree omitted)
i.age             _Iage_1-3           (_Iage_1 for age==18-29 omitted)

. est store e

. xi: qui reg extreme outParty order orderOut i.name i.educ i.age Whi  legl if recall_par=="dem", robust cluster(id)
i.name            _Iname_1-13         (_Iname_1 for name==elizabeth warren omitted)
i.educ            _Ieduc_1-4          (_Ieduc_1 for educ==Advanced degree omitted)
i.age             _Iage_1-3           (_Iage_1 for age==18-29 omitted)

. est store f

. 
. xi: qui reg extreme outParty order  i.name i.educ i.ideo i.age Whi  legl if recall_par=="dem", robust cluster(id)
i.name            _Iname_1-13         (_Iname_1 for name==elizabeth warren omitted)
i.educ            _Ieduc_1-4          (_Ieduc_1 for educ==Advanced degree omitted)
i.ideo            _Iideo_1-4          (_Iideo_1 for ideo==Conservative omitted)
i.age             _Iage_1-3           (_Iage_1 for age==18-29 omitted)

. est store g

. xi: qui reg extreme outParty order orderOut i.name i.educ i.ideo i.age Whi  legl if recall_par=="dem", robust cluster(id)
i.name            _Iname_1-13         (_Iname_1 for name==elizabeth warren omitted)
i.educ            _Ieduc_1-4          (_Ieduc_1 for educ==Advanced degree omitted)
i.ideo            _Iideo_1-4          (_Iideo_1 for ideo==Conservative omitted)
i.age             _Iage_1-3           (_Iage_1 for age==18-29 omitted)

. est store h

. 
. estout a b c d e f g h, keep ( outParty order orderOut ) style(tex) cells(b(star fmt(3)) se(par)) stats(r2_a N, fmt(%9.3f %9.0g)) starlevels(* 0.10 ** 
> 0.05 *** 0.01)

            &           a   &           b   &           c   &           d   &           e   &           f   &           g   &           h   \\
            &        b/se   &        b/se   &        b/se   &        b/se   &        b/se   &        b/se   &        b/se   &        b/se   \\
outParty    &       0.643***&       0.969*  &       0.745***&       1.040*  &       0.785***&       1.080*  &       1.192***&       1.462** \\
            &     (0.176)   &     (0.559)   &     (0.180)   &     (0.579)   &     (0.235)   &     (0.640)   &     (0.344)   &     (0.628)   \\
order       &      -0.276** &      -0.209   &      -0.322***&      -0.260   &      -0.337***&      -0.275   &      -0.334***&      -0.277   \\
            &     (0.114)   &     (0.166)   &     (0.117)   &     (0.173)   &     (0.123)   &     (0.176)   &     (0.124)   &     (0.173)   \\
orderOut    &               &      -0.140   &               &      -0.127   &               &      -0.126   &               &      -0.116   \\
            &               &     (0.228)   &               &     (0.237)   &               &     (0.240)   &               &     (0.243)   \\
r2_a        &       0.127   &       0.124   &       0.148   &       0.145   &       0.144   &       0.141   &       0.147   &       0.144   \\
N           &         212   &         212   &         212   &         212   &         212   &         212   &         212   &         212   \\

. 
. 
. ****
. 
. xi: qui reg extreme outParty order  legl if recall_par=="rep", robust cluster(id)

. est store a

. xi: qui reg extreme outParty order orderOut  legl if recall_par=="rep", robust cluster(id)

. est store b

. 
. xi: qui reg extreme outParty order  i.name  legl if recall_par=="rep", robust cluster(id)
i.name            _Iname_1-13         (_Iname_1 for name==elizabeth warren omitted)

. est store c

. xi: qui reg extreme outParty order orderOut i.name  legl if recall_par=="rep", robust cluster(id)
i.name            _Iname_1-13         (_Iname_1 for name==elizabeth warren omitted)

. est store d

. 
. xi: qui reg extreme outParty order  i.name i.educ i.age Whi legl if recall_par=="rep" , robust cluster(id)
i.name            _Iname_1-13         (_Iname_1 for name==elizabeth warren omitted)
i.educ            _Ieduc_1-4          (_Ieduc_1 for educ==Advanced degree omitted)
i.age             _Iage_1-3           (_Iage_1 for age==18-29 omitted)

. est store e

. xi: qui reg extreme outParty order orderOut i.name i.educ i.age Whi  legl if recall_par=="rep", robust cluster(id)
i.name            _Iname_1-13         (_Iname_1 for name==elizabeth warren omitted)
i.educ            _Ieduc_1-4          (_Ieduc_1 for educ==Advanced degree omitted)
i.age             _Iage_1-3           (_Iage_1 for age==18-29 omitted)

. est store f

. 
. xi: qui reg extreme outParty order  i.name i.educ i.ideo i.age Whi  legl if recall_par=="rep", robust cluster(id)
i.name            _Iname_1-13         (_Iname_1 for name==elizabeth warren omitted)
i.educ            _Ieduc_1-4          (_Ieduc_1 for educ==Advanced degree omitted)
i.ideo            _Iideo_1-4          (_Iideo_1 for ideo==Conservative omitted)
i.age             _Iage_1-3           (_Iage_1 for age==18-29 omitted)

. est store g

. xi: qui reg extreme outParty order orderOut i.name i.educ i.ideo i.age Whi  legl if recall_par=="rep", robust cluster(id)
i.name            _Iname_1-13         (_Iname_1 for name==elizabeth warren omitted)
i.educ            _Ieduc_1-4          (_Ieduc_1 for educ==Advanced degree omitted)
i.ideo            _Iideo_1-4          (_Iideo_1 for ideo==Conservative omitted)
i.age             _Iage_1-3           (_Iage_1 for age==18-29 omitted)

. est store h

. 
. estout a b c d e f g h, keep ( outParty order orderOut ) style(tex) cells(b(star fmt(3)) se(par)) stats(r2_a N, fmt(%9.3f %9.0g)) starlevels(* 0.10 ** 
> 0.05 *** 0.01)

            &           a   &           b   &           c   &           d   &           e   &           f   &           g   &           h   \\
            &        b/se   &        b/se   &        b/se   &        b/se   &        b/se   &        b/se   &        b/se   &        b/se   \\
outParty    &       0.519***&       1.050***&       0.512***&       1.043***&       0.429***&       0.936***&       0.046   &       0.563*  \\
            &     (0.150)   &     (0.286)   &     (0.151)   &     (0.295)   &     (0.148)   &     (0.297)   &     (0.243)   &     (0.328)   \\
order       &      -0.312***&      -0.154   &      -0.381***&      -0.222   &      -0.409***&      -0.256*  &      -0.416***&      -0.260*  \\
            &     (0.082)   &     (0.133)   &     (0.093)   &     (0.137)   &     (0.092)   &     (0.135)   &     (0.094)   &     (0.139)   \\
orderOut    &               &      -0.288*  &               &      -0.287*  &               &      -0.275   &               &      -0.282   \\
            &               &     (0.168)   &               &     (0.173)   &               &     (0.170)   &               &     (0.171)   \\
r2_a        &       0.079   &       0.086   &       0.108   &       0.115   &       0.109   &       0.115   &       0.119   &       0.126   \\
N           &         282   &         282   &         282   &         282   &         282   &         282   &         282   &         282   \\

. 
. 
. 
. 
. 
. 
. 
. 
. ****
. 
. 
. 
. xi: qui reg extreme2 outParty order exec leg legl if recall_par=="dem", robust cluster(name)

. est sto a

. xi: qui reg extreme2 outParty order orderOut exec leg legl if recall_par=="dem",  robust cluster(name)

. est sto b

. 
. xi: qui reg extreme2 outParty order   exec leg  legl if recall_par=="dem", robust cluster(name)

. est sto c

. xi: qui reg extreme2 outParty order orderOut   exec leg legl if recall_par=="dem",  robust cluster(name)

. est sto d

. 
. xi: qui reg extreme2 outParty order  exec leg  i.educ i.age Whi legl if recall_par=="dem" , robust cluster(name)
i.educ            _Ieduc_1-4          (_Ieduc_1 for educ==Advanced degree omitted)
i.age             _Iage_1-3           (_Iage_1 for age==18-29 omitted)

. est sto e

. xi: qui reg extreme2 outParty order orderOut exec leg  i.educ i.age Whi  legl if recall_par=="dem",  robust cluster(name)
i.educ            _Ieduc_1-4          (_Ieduc_1 for educ==Advanced degree omitted)
i.age             _Iage_1-3           (_Iage_1 for age==18-29 omitted)

. est sto f

. 
. 
. estout a b c d e f , keep ( outParty order orderOut ) style(tex) cells(b(star fmt(3)) se(par)) stats(r2_a N, fmt(%9.3f %9.0g)) starlevels(* 0.10 ** 0.0
> 5 *** 0.01)

            &           a   &           b   &           c   &           d   &           e   &           f   \\
            &        b/se   &        b/se   &        b/se   &        b/se   &        b/se   &        b/se   \\
outParty    &      -0.092   &      -0.196   &      -0.092   &      -0.196   &      -0.083   &      -0.190   \\
            &     (0.081)   &     (0.095)   &     (0.081)   &     (0.095)   &     (0.079)   &     (0.102)   \\
order       &       0.002   &      -0.020   &       0.002   &      -0.020   &      -0.003   &      -0.025   \\
            &     (0.033)   &     (0.042)   &     (0.033)   &     (0.042)   &     (0.032)   &     (0.041)   \\
orderOut    &               &       0.045   &               &       0.045   &               &       0.046   \\
            &               &     (0.023)   &               &     (0.023)   &               &     (0.027)   \\
r2_a        &       0.296   &       0.296   &       0.296   &       0.296   &       0.289   &       0.290   \\
N           &         213   &         213   &         213   &         213   &         213   &         213   \\

. 
. 
. 
. ****
. 
. xi: qui reg extreme2 outParty order  exec leg legl if recall_par=="rep", robust cluster(name)

. est sto a

. xi: qui reg extreme2 outParty order orderOut  exec leg legl if recall_par=="rep",  robust cluster(name)

. est sto b

. 
. xi: qui reg extreme2 outParty order     exec leg legl if recall_par=="rep", robust cluster(name)

. est sto c

. xi: qui reg extreme2 outParty order orderOut    exec leg legl if recall_par=="rep",  robust cluster(name)

. est sto d

. 
. xi: qui reg extreme2 outParty order    i.educ i.age Whi exec leg legl if recall_par=="rep" , robust cluster(name)
i.educ            _Ieduc_1-4          (_Ieduc_1 for educ==Advanced degree omitted)
i.age             _Iage_1-3           (_Iage_1 for age==18-29 omitted)

. est sto e

. xi: qui reg extreme2 outParty order orderOut   i.educ i.age Whi  exec leg legl if recall_par=="rep",  robust cluster(name)
i.educ            _Ieduc_1-4          (_Ieduc_1 for educ==Advanced degree omitted)
i.age             _Iage_1-3           (_Iage_1 for age==18-29 omitted)

. est sto f

. 
. 
. estout a b c d e f , keep ( outParty order orderOut ) style(tex) cells(b(star fmt(3)) se(par)) stats(r2_a N, fmt(%9.3f %9.0g)) starlevels(* 0.10 ** 0.0
> 5 *** 0.01)

            &           a   &           b   &           c   &           d   &           e   &           f   \\
            &        b/se   &        b/se   &        b/se   &        b/se   &        b/se   &        b/se   \\
outParty    &      -0.020   &      -0.039   &      -0.020   &      -0.039   &      -0.023*  &      -0.044   \\
            &     (0.012)   &     (0.045)   &     (0.012)   &     (0.045)   &     (0.012)   &     (0.046)   \\
order       &      -0.027   &      -0.032   &      -0.027   &      -0.032   &      -0.028   &      -0.035   \\
            &     (0.028)   &     (0.030)   &     (0.028)   &     (0.030)   &     (0.028)   &     (0.031)   \\
orderOut    &               &       0.010   &               &       0.010   &               &       0.011   \\
            &               &     (0.018)   &               &     (0.018)   &               &     (0.020)   \\
r2_a        &       0.265   &       0.263   &       0.265   &       0.263   &       0.259   &       0.257   \\
N           &         282   &         282   &         282   &         282   &         282   &         282   \\

. 
. 
. 
. 
. ****
. 
. 
. 
. 
. xi: qui reg extreme2b outParty order  exec leg legl if recall_par=="dem", robust cluster(name)

. est sto a

. xi: qui reg extreme2b outParty order orderOut  exec leg legl if recall_par=="dem",  robust cluster(name)

. est sto b

. 
. xi: qui reg extreme2b outParty order     exec leg legl if recall_par=="dem", robust cluster(name)

. est sto c

. xi: qui reg extreme2b outParty order orderOut    exec leg legl if recall_par=="dem",  robust cluster(name)

. est sto d

. 
. xi: qui reg extreme2b outParty order    i.educ i.age Whi exec leg legl if recall_par=="dem" , robust cluster(name)
i.educ            _Ieduc_1-4          (_Ieduc_1 for educ==Advanced degree omitted)
i.age             _Iage_1-3           (_Iage_1 for age==18-29 omitted)

. est sto e

. xi: qui reg extreme2b outParty order orderOut   i.educ i.age Whi  exec leg legl if recall_par=="dem",  robust cluster(name)
i.educ            _Ieduc_1-4          (_Ieduc_1 for educ==Advanced degree omitted)
i.age             _Iage_1-3           (_Iage_1 for age==18-29 omitted)

. est sto f

. 
. 
. estout a b c d e f , keep ( outParty order orderOut ) style(tex) cells(b(star fmt(3)) se(par)) stats(r2_a N, fmt(%9.3f %9.0g)) starlevels(* 0.10 ** 0.0
> 5 *** 0.01)

            &           a   &           b   &           c   &           d   &           e   &           f   \\
            &        b/se   &        b/se   &        b/se   &        b/se   &        b/se   &        b/se   \\
outParty    &      -0.107   &      -0.298   &      -0.107   &      -0.298   &      -0.094   &      -0.287   \\
            &     (0.081)   &     (0.130)   &     (0.081)   &     (0.130)   &     (0.079)   &     (0.137)   \\
order       &      -0.018   &      -0.058   &      -0.018   &      -0.058   &      -0.026   &      -0.066   \\
            &     (0.035)   &     (0.053)   &     (0.035)   &     (0.053)   &     (0.034)   &     (0.052)   \\
orderOut    &               &       0.082   &               &       0.082   &               &       0.083   \\
            &               &     (0.039)   &               &     (0.039)   &               &     (0.044)   \\
r2_a        &       0.246   &       0.248   &       0.246   &       0.248   &       0.243   &       0.245   \\
N           &         213   &         213   &         213   &         213   &         213   &         213   \\

. 
. 
. ****
. 
. xi: qui reg extreme2b outParty order  exec leg legl if recall_par=="rep", robust cluster(name)

. est sto a

. xi: qui reg extreme2b outParty order orderOut  exec leg legl if recall_par=="rep",  robust cluster(name)

. est sto b

. 
. xi: qui reg extreme2b outParty order     exec leg legl if recall_par=="rep", robust cluster(name)

. est sto c

. xi: qui reg extreme2b outParty order orderOut    exec leg legl if recall_par=="rep",  robust cluster(name)

. est sto d

. 
. xi: qui reg extreme2b outParty order    i.educ i.age Whi exec leg legl if recall_par=="rep" , robust cluster(name)
i.educ            _Ieduc_1-4          (_Ieduc_1 for educ==Advanced degree omitted)
i.age             _Iage_1-3           (_Iage_1 for age==18-29 omitted)

. est sto e

. xi: qui reg extreme2b outParty order orderOut   i.educ i.age Whi  exec leg legl if recall_par=="rep",  robust cluster(name)
i.educ            _Ieduc_1-4          (_Ieduc_1 for educ==Advanced degree omitted)
i.age             _Iage_1-3           (_Iage_1 for age==18-29 omitted)

. est sto f

. 
. 
. estout a b c d e f , keep ( outParty order orderOut ) style(tex) cells(b(star fmt(3)) se(par)) stats(r2_a N, fmt(%9.3f %9.0g)) starlevels(* 0.10 ** 0.0
> 5 *** 0.01)

            &           a   &           b   &           c   &           d   &           e   &           f   \\
            &        b/se   &        b/se   &        b/se   &        b/se   &        b/se   &        b/se   \\
outParty    &      -0.024*  &      -0.042   &      -0.024*  &      -0.042   &      -0.028*  &      -0.048   \\
            &     (0.011)   &     (0.046)   &     (0.011)   &     (0.046)   &     (0.013)   &     (0.048)   \\
order       &      -0.039   &      -0.044   &      -0.039   &      -0.044   &      -0.040   &      -0.046   \\
            &     (0.036)   &     (0.039)   &     (0.036)   &     (0.039)   &     (0.036)   &     (0.039)   \\
orderOut    &               &       0.009   &               &       0.009   &               &       0.011   \\
            &               &     (0.020)   &               &     (0.020)   &               &     (0.021)   \\
r2_a        &       0.262   &       0.259   &       0.262   &       0.259   &       0.253   &       0.250   \\
N           &         282   &         282   &         282   &         282   &         282   &         282   \\

. 
. 
. 
. 
. 
. 
. 
. 
. 
. 
. **************************
. 
. 
. 
. 
. 
. xi: qui reg extpca outParty order  exec leg legl if recall_par=="dem", robust cluster(name)

. est sto a

. xi: qui reg extpca outParty order orderOut  exec leg legl if recall_par=="dem",  robust cluster(name)

. est sto b

. 
. xi: qui reg extpca outParty order     exec leg legl if recall_par=="dem", robust cluster(name)

. est sto c

. xi: qui reg extpca outParty order orderOut    exec leg legl if recall_par=="dem",  robust cluster(name)

. est sto d

. 
. xi: qui reg extpca outParty order    i.educ i.age Whi exec leg legl if recall_par=="dem" , robust cluster(name)
i.educ            _Ieduc_1-4          (_Ieduc_1 for educ==Advanced degree omitted)
i.age             _Iage_1-3           (_Iage_1 for age==18-29 omitted)

. est sto e

. xi: qui reg extpca outParty order orderOut   i.educ i.age Whi  exec leg legl if recall_par=="dem",  robust cluster(name)
i.educ            _Ieduc_1-4          (_Ieduc_1 for educ==Advanced degree omitted)
i.age             _Iage_1-3           (_Iage_1 for age==18-29 omitted)

. est sto f

. 
. 
. estout a b c d e f , keep ( outParty order orderOut ) style(tex) cells(b(star fmt(3)) se(par)) stats(r2_a N, fmt(%9.3f %9.0g)) starlevels(* 0.10 ** 0.0
> 5 *** 0.01)

            &           a   &           b   &           c   &           d   &           e   &           f   \\
            &        b/se   &        b/se   &        b/se   &        b/se   &        b/se   &        b/se   \\
outParty    &      -0.476   &      -1.161   &      -0.476   &      -1.161   &      -0.424   &      -1.122   \\
            &     (0.390)   &     (0.528)   &     (0.390)   &     (0.528)   &     (0.382)   &     (0.563)   \\
order       &      -0.033   &      -0.175   &      -0.033   &      -0.175   &      -0.064   &      -0.207   \\
            &     (0.164)   &     (0.223)   &     (0.164)   &     (0.223)   &     (0.158)   &     (0.220)   \\
orderOut    &               &       0.294   &               &       0.294   &               &       0.298   \\
            &               &     (0.145)   &               &     (0.145)   &               &     (0.165)   \\
r2_a        &       0.273   &       0.274   &       0.273   &       0.274   &       0.268   &       0.269   \\
N           &         213   &         213   &         213   &         213   &         213   &         213   \\

. 
. 
. ****
. 
. xi: qui reg extpca outParty order  exec leg legl if recall_par=="rep", robust cluster(name)

. est sto a

. xi: qui reg extpca outParty order orderOut  exec leg legl if recall_par=="rep",  robust cluster(name)

. est sto b

. 
. xi: qui reg extpca outParty order     exec leg legl if recall_par=="rep", robust cluster(name)

. est sto c

. xi: qui reg extpca outParty order orderOut    exec leg legl if recall_par=="rep",  robust cluster(name)

. est sto d

. 
. xi: qui reg extpca outParty order    i.educ i.age Whi exec leg legl if recall_par=="rep" , robust cluster(name)
i.educ            _Ieduc_1-4          (_Ieduc_1 for educ==Advanced degree omitted)
i.age             _Iage_1-3           (_Iage_1 for age==18-29 omitted)

. est sto e

. xi: qui reg extpca outParty order orderOut   i.educ i.age Whi  exec leg legl if recall_par=="rep",  robust cluster(name)
i.educ            _Ieduc_1-4          (_Ieduc_1 for educ==Advanced degree omitted)
i.age             _Iage_1-3           (_Iage_1 for age==18-29 omitted)

. est sto f

. 
. 
. estout a b c d e f , keep ( outParty order orderOut ) style(tex) cells(b(star fmt(3)) se(par)) stats(r2_a N, fmt(%9.3f %9.0g)) starlevels(* 0.10 ** 0.0
> 5 *** 0.01)

            &           a   &           b   &           c   &           d   &           e   &           f   \\
            &        b/se   &        b/se   &        b/se   &        b/se   &        b/se   &        b/se   \\
outParty    &      -0.107*  &      -0.194   &      -0.107*  &      -0.194   &      -0.122*  &      -0.221   \\
            &     (0.054)   &     (0.219)   &     (0.054)   &     (0.219)   &     (0.059)   &     (0.228)   \\
order       &      -0.155   &      -0.181   &      -0.155   &      -0.181   &      -0.162   &      -0.192   \\
            &     (0.152)   &     (0.164)   &     (0.152)   &     (0.164)   &     (0.153)   &     (0.167)   \\
orderOut    &               &       0.047   &               &       0.047   &               &       0.053   \\
            &               &     (0.092)   &               &     (0.092)   &               &     (0.097)   \\
r2_a        &       0.265   &       0.263   &       0.265   &       0.263   &       0.258   &       0.255   \\
N           &         282   &         282   &         282   &         282   &         282   &         282   \\

. 
. log close
      name:  <unnamed>
       log:  C:\Users\dstone\Dropbox\who_how\scripts\survey\leg.log
  log type:  text
 closed on:   2 Mar 2016, 10:23:55
---------------------------------------------------------------------------------------------------------------------------------------------------------
