---------------------------------------------------------------------------------------------------------------------------------------------------------
      name:  <unnamed>
       log:  C:\Users\dstone\Dropbox\who_how\scripts\survey\leg_pooled.log
  log type:  text
 opened on:   2 Mar 2016, 10:37:29

. 
. 
. use "C:\Users\dstone\Dropbox\who_how\data\survey_data\cleansurvey.dta", clear

. 
. 
. keep if leg==1
(1230 observations deleted)

. 
. ren recall_order order

. 
. gen outParty = 0

. replace outP = 1 if Dem==1 & recall_par=="rep"
(163 real changes made)

. replace outP = 1 if Dem==0 & recall_par=="dem"
(109 real changes made)

. 
. gen orderOut = order*out

. 
. gen extreme = -recall_rating  if recall_par=="dem"
(283 missing values generated)

. replace extreme = recall_rat  if recall_par=="rep"
(282 real changes made)

. 
. gen extreme2 = cfscore

. replace extreme2 = -cfscore  if recall_par=="dem"
(213 real changes made)

. 
. gen extreme2b = cfscoresdyn

. replace extreme2b = - cfscoresdyn  if recall_par=="dem"
(213 real changes made)

. 
. 
. gen Rpol = (recall_par=="rep")

. 
. pca extreme2* 

Principal components/correlation                  Number of obs    =       495
                                                  Number of comp.  =         2
                                                  Trace            =         2
    Rotation: (unrotated = principal)             Rho              =    1.0000

    --------------------------------------------------------------------------
       Component |   Eigenvalue   Difference         Proportion   Cumulative
    -------------+------------------------------------------------------------
           Comp1 |      1.95881      1.91762             0.9794       0.9794
           Comp2 |     .0411891            .             0.0206       1.0000
    --------------------------------------------------------------------------

Principal components (eigenvectors) 

    ------------------------------------------------
        Variable |    Comp1     Comp2 | Unexplained 
    -------------+--------------------+-------------
        extreme2 |   0.7071    0.7071 |           0 
       extreme2b |   0.7071   -0.7071 |           0 
    ------------------------------------------------

. predict extpca
(score assumed)
(1 components skipped)

Scoring coefficients 
    sum of squares(column-loading) = 1

    ----------------------------------
        Variable |    Comp1     Comp2 
    -------------+--------------------
        extreme2 |   0.7071           
       extreme2b |   0.7071   -0.7071 
    ----------------------------------

. 
. egen id = group(uniqid)

. 
. xtset id
       panel variable:  id (unbalanced)

. 
. 
. 
. xi: qui reg extreme outParty order  Rpol, robust cluster(id)

. est store a

. xi: qui reg extreme outParty order orderOut  Rpol, robust cluster(id)

. est store b

. 
. xi: qui reg extreme outParty order  i.name  Rpol, robust cluster(id)
i.name            _Iname_1-13         (_Iname_1 for name==elizabeth warren omitted)

. est store c

. xi: qui reg extreme outParty order orderOut i.name  Rpol, robust cluster(id)
i.name            _Iname_1-13         (_Iname_1 for name==elizabeth warren omitted)

. est store d

. 
. xi: qui reg extreme outParty order  i.name i.educ i.age Whi Rpol, robust cluster(id)
i.name            _Iname_1-13         (_Iname_1 for name==elizabeth warren omitted)
i.educ            _Ieduc_1-4          (_Ieduc_1 for educ==Advanced degree omitted)
i.age             _Iage_1-3           (_Iage_1 for age==18-29 omitted)

. est store e

. xi: qui reg extreme outParty order orderOut i.name i.educ i.age Whi  Rpol, robust cluster(id)
i.name            _Iname_1-13         (_Iname_1 for name==elizabeth warren omitted)
i.educ            _Ieduc_1-4          (_Ieduc_1 for educ==Advanced degree omitted)
i.age             _Iage_1-3           (_Iage_1 for age==18-29 omitted)

. est store f

. 
. xi: qui reg extreme outParty order  i.name i.educ i.ideo i.age Whi  Rpol, robust cluster(id)
i.name            _Iname_1-13         (_Iname_1 for name==elizabeth warren omitted)
i.educ            _Ieduc_1-4          (_Ieduc_1 for educ==Advanced degree omitted)
i.ideo            _Iideo_1-4          (_Iideo_1 for ideo==Conservative omitted)
i.age             _Iage_1-3           (_Iage_1 for age==18-29 omitted)

. est store g

. xi: qui reg extreme outParty order orderOut i.name i.educ i.ideo i.age Whi  Rpol, robust cluster(id)
i.name            _Iname_1-13         (_Iname_1 for name==elizabeth warren omitted)
i.educ            _Ieduc_1-4          (_Ieduc_1 for educ==Advanced degree omitted)
i.ideo            _Iideo_1-4          (_Iideo_1 for ideo==Conservative omitted)
i.age             _Iage_1-3           (_Iage_1 for age==18-29 omitted)

. est store h

. 
. estout a b c d e f g h, keep ( outParty order orderOut ) style(tex) cells(b(star fmt(3)) se(par)) stats(r2_a N, fmt(%9.3f %9.0g)) starlevels(* 0.10 ** 
> 0.05 *** 0.01)

            &           a   &           b   &           c   &           d   &           e   &           f   &           g   &           h   \\
            &        b/se   &        b/se   &        b/se   &        b/se   &        b/se   &        b/se   &        b/se   &        b/se   \\
outParty    &       0.591***&       0.828***&       0.610***&       0.957***&       0.612***&       0.932***&       0.615***&       0.942***\\
            &     (0.109)   &     (0.249)   &     (0.114)   &     (0.256)   &     (0.115)   &     (0.256)   &     (0.119)   &     (0.287)   \\
order       &      -0.284***&      -0.221** &      -0.358***&      -0.269***&      -0.358***&      -0.276***&      -0.361***&      -0.278** \\
            &     (0.063)   &     (0.094)   &     (0.071)   &     (0.100)   &     (0.071)   &     (0.102)   &     (0.071)   &     (0.107)   \\
orderOut    &               &      -0.115   &               &      -0.170   &               &      -0.156   &               &      -0.157   \\
            &               &     (0.121)   &               &     (0.127)   &               &     (0.128)   &               &     (0.138)   \\
r2_a        &       0.932   &       0.932   &       0.934   &       0.934   &       0.934   &       0.934   &       0.934   &       0.934   \\
N           &         494   &         494   &         494   &         494   &         494   &         494   &         494   &         494   \\

. 
. 
. 
. ****
. 
. xi: qui reg extreme2 outParty order  Rpol exec leg legl , robust cluster(name)

. est sto a

. xi: qui reg extreme2 outParty order orderOut  Rpol exec leg legl , robust cluster(name)

. est sto b

. 
. xi: qui reg extreme2 outParty order     Rpol exec leg legl , robust cluster(name)

. est sto c

. xi: qui reg extreme2 outParty order orderOut    Rpol exec leg legl , robust cluster(name)

. est sto d

. 
. xi: qui reg extreme2 outParty order    i.educ i.age Whi Rpol exec leg legl , robust cluster(name)
i.educ            _Ieduc_1-4          (_Ieduc_1 for educ==Advanced degree omitted)
i.age             _Iage_1-3           (_Iage_1 for age==18-29 omitted)

. est sto e

. xi: qui reg extreme2 outParty order orderOut   i.educ i.age Whi  Rpol exec leg legl , robust cluster(name)
i.educ            _Ieduc_1-4          (_Ieduc_1 for educ==Advanced degree omitted)
i.age             _Iage_1-3           (_Iage_1 for age==18-29 omitted)

. est sto f

. 
. 
. estout a b c d e f , keep ( outParty order orderOut ) style(tex) cells(b(star fmt(3)) se(par)) stats(r2_a N, fmt(%9.3f %9.0g)) starlevels(* 0.10 ** 0.0
> 5 *** 0.01)

            &           a   &           b   &           c   &           d   &           e   &           f   \\
            &        b/se   &        b/se   &        b/se   &        b/se   &        b/se   &        b/se   \\
outParty    &      -0.057*  &      -0.030   &      -0.057*  &      -0.030   &      -0.055   &      -0.034   \\
            &     (0.032)   &     (0.079)   &     (0.032)   &     (0.079)   &     (0.031)   &     (0.074)   \\
order       &      -0.020   &      -0.013   &      -0.020   &      -0.013   &      -0.021   &      -0.015   \\
            &     (0.020)   &     (0.029)   &     (0.020)   &     (0.029)   &     (0.020)   &     (0.028)   \\
orderOut    &               &      -0.013   &               &      -0.013   &               &      -0.010   \\
            &               &     (0.044)   &               &     (0.044)   &               &     (0.042)   \\
r2_a        &       0.305   &       0.304   &       0.305   &       0.304   &       0.306   &       0.305   \\
N           &         495   &         495   &         495   &         495   &         495   &         495   \\

. 
. 
. 
. 
. 
. xi: qui reg extreme2b outParty order  Rpol exec leg legl , robust cluster(name)

. est sto a

. xi: qui reg extreme2b outParty order orderOut  Rpol exec leg legl , robust cluster(name)

. est sto b

. 
. xi: qui reg extreme2b outParty order     Rpol exec leg legl , robust cluster(name)

. est sto c

. xi: qui reg extreme2b outParty order orderOut    Rpol exec leg legl , robust cluster(name)

. est sto d

. 
. xi: qui reg extreme2b outParty order    i.educ i.age Whi Rpol exec leg legl , robust cluster(name)
i.educ            _Ieduc_1-4          (_Ieduc_1 for educ==Advanced degree omitted)
i.age             _Iage_1-3           (_Iage_1 for age==18-29 omitted)

. est sto e

. xi: qui reg extreme2b outParty order orderOut   i.educ i.age Whi  Rpol exec leg legl , robust cluster(name)
i.educ            _Ieduc_1-4          (_Ieduc_1 for educ==Advanced degree omitted)
i.age             _Iage_1-3           (_Iage_1 for age==18-29 omitted)

. est sto f

. 
. 
. estout a b c d e f , keep ( outParty order orderOut ) style(tex) cells(b(star fmt(3)) se(par)) stats(r2_a N, fmt(%9.3f %9.0g)) starlevels(* 0.10 ** 0.0
> 5 *** 0.01)

            &           a   &           b   &           c   &           d   &           e   &           f   \\
            &        b/se   &        b/se   &        b/se   &        b/se   &        b/se   &        b/se   \\
outParty    &      -0.068*  &      -0.038   &      -0.068*  &      -0.038   &      -0.066*  &      -0.044   \\
            &     (0.035)   &     (0.098)   &     (0.035)   &     (0.098)   &     (0.035)   &     (0.091)   \\
order       &      -0.038   &      -0.030   &      -0.038   &      -0.030   &      -0.039   &      -0.033   \\
            &     (0.023)   &     (0.036)   &     (0.023)   &     (0.036)   &     (0.023)   &     (0.035)   \\
orderOut    &               &      -0.015   &               &      -0.015   &               &      -0.011   \\
            &               &     (0.055)   &               &     (0.055)   &               &     (0.053)   \\
r2_a        &       0.346   &       0.345   &       0.346   &       0.345   &       0.350   &       0.348   \\
N           &         495   &         495   &         495   &         495   &         495   &         495   \\

. 
. 
. 
. 
. 
. 
. 
. 
. 
. 
. 
. 
. **************************
. 
. 
. 
. 
. xi: qui reg extpca outParty order  Rpol exec leg legl , robust cluster(name)

. est sto a

. xi: qui reg extpca outParty order orderOut  Rpol exec leg legl , robust cluster(name)

. est sto b

. 
. xi: qui reg extpca outParty order     Rpol exec leg legl , robust cluster(name)

. est sto c

. xi: qui reg extpca outParty order orderOut    Rpol exec leg legl , robust cluster(name)

. est sto d

. 
. xi: qui reg extpca outParty order    i.educ i.age Whi Rpol exec leg legl , robust cluster(name)
i.educ            _Ieduc_1-4          (_Ieduc_1 for educ==Advanced degree omitted)
i.age             _Iage_1-3           (_Iage_1 for age==18-29 omitted)

. est sto e

. xi: qui reg extpca outParty order orderOut   i.educ i.age Whi  Rpol exec leg legl , robust cluster(name)
i.educ            _Ieduc_1-4          (_Ieduc_1 for educ==Advanced degree omitted)
i.age             _Iage_1-3           (_Iage_1 for age==18-29 omitted)

. est sto f

. 
. 
. estout a b c d e f , keep ( outParty order orderOut ) style(tex) cells(b(star fmt(3)) se(par)) stats(r2_a N, fmt(%9.3f %9.0g)) starlevels(* 0.10 ** 0.0
> 5 *** 0.01)

            &           a   &           b   &           c   &           d   &           e   &           f   \\
            &        b/se   &        b/se   &        b/se   &        b/se   &        b/se   &        b/se   \\
outParty    &      -0.299*  &      -0.161   &      -0.299*  &      -0.161   &      -0.289*  &      -0.187   \\
            &     (0.160)   &     (0.418)   &     (0.160)   &     (0.418)   &     (0.158)   &     (0.392)   \\
order       &      -0.132   &      -0.097   &      -0.132   &      -0.097   &      -0.138   &      -0.112   \\
            &     (0.101)   &     (0.155)   &     (0.101)   &     (0.155)   &     (0.101)   &     (0.150)   \\
orderOut    &               &      -0.067   &               &      -0.067   &               &      -0.049   \\
            &               &     (0.236)   &               &     (0.236)   &               &     (0.224)   \\
r2_a        &       0.325   &       0.324   &       0.325   &       0.324   &       0.328   &       0.327   \\
N           &         495   &         495   &         495   &         495   &         495   &         495   \\

. 
. 
. log close
      name:  <unnamed>
       log:  C:\Users\dstone\Dropbox\who_how\scripts\survey\leg_pooled.log
  log type:  text
 closed on:   2 Mar 2016, 10:37:29
---------------------------------------------------------------------------------------------------------------------------------------------------------
