---------------------------------------------------------------------------------------------------------------------------------------------------------
      name:  <unnamed>
       log:  C:\Users\dstone\Dropbox\who_how\scripts\survey\leg_pooled_fst.log
  log type:  text
 opened on:   2 Mar 2016, 10:38:29

. 
. 
. use "C:\Users\dstone\Dropbox\who_how\data\survey_data\cleansurvey.dta", clear

. 
. 
. keep if leg==1
(1230 observations deleted)

. 
. ren recall_order order

. 
. gen outParty = 0

. replace outP = 1 if Dem==1 & recall_par=="rep"
(163 real changes made)

. replace outP = 1 if Dem==0 & recall_par=="dem"
(109 real changes made)

. 
. gen orderOut = order*out

. 
. gen extreme = -recall_rating  if recall_par=="dem"
(283 missing values generated)

. replace extreme = recall_rat  if recall_par=="rep"
(282 real changes made)

. 
. gen extreme2 = cfscore

. replace extreme2 = -cfscore  if recall_par=="dem"
(213 real changes made)

. 
. gen extreme2b = cfscoresdyn

. replace extreme2b = - cfscoresdyn  if recall_par=="dem"
(213 real changes made)

. 
. 
. gen Rpol = (recall_par=="rep")

. 
. pca extreme2* 

Principal components/correlation                  Number of obs    =       495
                                                  Number of comp.  =         2
                                                  Trace            =         2
    Rotation: (unrotated = principal)             Rho              =    1.0000

    --------------------------------------------------------------------------
       Component |   Eigenvalue   Difference         Proportion   Cumulative
    -------------+------------------------------------------------------------
           Comp1 |      1.95881      1.91762             0.9794       0.9794
           Comp2 |     .0411891            .             0.0206       1.0000
    --------------------------------------------------------------------------

Principal components (eigenvectors) 

    ------------------------------------------------
        Variable |    Comp1     Comp2 | Unexplained 
    -------------+--------------------+-------------
        extreme2 |   0.7071    0.7071 |           0 
       extreme2b |   0.7071   -0.7071 |           0 
    ------------------------------------------------

. predict extpca
(score assumed)
(1 components skipped)

Scoring coefficients 
    sum of squares(column-loading) = 1

    ----------------------------------
        Variable |    Comp1     Comp2 
    -------------+--------------------
        extreme2 |   0.7071           
       extreme2b |   0.7071   -0.7071 
    ----------------------------------

. 
. egen id = group(uniqid)

. 
. xtset id
       panel variable:  id (unbalanced)

. 
. 
. gen first = (order==1)

. gen firstOut = first*out

. 
. 
. xi: qui reg extreme outParty first  Rpol, robust cluster(id)

. est store a

. xi: qui reg extreme outParty first firstOut  Rpol, robust cluster(id)

. est store b

. 
. xi: qui reg extreme outParty first  i.name  Rpol, robust cluster(id)
i.name            _Iname_1-13         (_Iname_1 for name==elizabeth warren omitted)

. est store c

. xi: qui reg extreme outParty first firstOut i.name  Rpol, robust cluster(id)
i.name            _Iname_1-13         (_Iname_1 for name==elizabeth warren omitted)

. est store d

. 
. xi: qui reg extreme outParty first  i.name i.educ i.age Whi Rpol, robust cluster(id)
i.name            _Iname_1-13         (_Iname_1 for name==elizabeth warren omitted)
i.educ            _Ieduc_1-4          (_Ieduc_1 for educ==Advanced degree omitted)
i.age             _Iage_1-3           (_Iage_1 for age==18-29 omitted)

. est store e

. xi: qui reg extreme outParty first firstOut i.name i.educ i.age Whi  Rpol, robust cluster(id)
i.name            _Iname_1-13         (_Iname_1 for name==elizabeth warren omitted)
i.educ            _Ieduc_1-4          (_Ieduc_1 for educ==Advanced degree omitted)
i.age             _Iage_1-3           (_Iage_1 for age==18-29 omitted)

. est store f

. 
. xi: qui reg extreme outParty first  i.name i.educ i.ideo i.age Whi  Rpol, robust cluster(id)
i.name            _Iname_1-13         (_Iname_1 for name==elizabeth warren omitted)
i.educ            _Ieduc_1-4          (_Ieduc_1 for educ==Advanced degree omitted)
i.ideo            _Iideo_1-4          (_Iideo_1 for ideo==Conservative omitted)
i.age             _Iage_1-3           (_Iage_1 for age==18-29 omitted)

. est store g

. xi: qui reg extreme outParty first firstOut i.name i.educ i.ideo i.age Whi  Rpol, robust cluster(id)
i.name            _Iname_1-13         (_Iname_1 for name==elizabeth warren omitted)
i.educ            _Ieduc_1-4          (_Ieduc_1 for educ==Advanced degree omitted)
i.ideo            _Iideo_1-4          (_Iideo_1 for ideo==Conservative omitted)
i.age             _Iage_1-3           (_Iage_1 for age==18-29 omitted)

. est store h

. 
. estout a b c d e f g h, keep ( outParty first firstOut ) style(tex) cells(b(star fmt(3)) se(par)) stats(r2_a N, fmt(%9.3f %9.0g)) starlevels(* 0.10 ** 
> 0.05 *** 0.01)

            &           a   &           b   &           c   &           d   &           e   &           f   &           g   &           h   \\
            &        b/se   &        b/se   &        b/se   &        b/se   &        b/se   &        b/se   &        b/se   &        b/se   \\
outParty    &       0.588***&       0.580***&       0.598***&       0.587***&       0.601***&       0.597***&       0.605***&       0.603***\\
            &     (0.110)   &     (0.130)   &     (0.115)   &     (0.139)   &     (0.116)   &     (0.142)   &     (0.120)   &     (0.141)   \\
first       &       0.211** &       0.196   &       0.276** &       0.257   &       0.278** &       0.271   &       0.287** &       0.282*  \\
            &     (0.098)   &     (0.152)   &     (0.111)   &     (0.160)   &     (0.112)   &     (0.165)   &     (0.113)   &     (0.168)   \\
firstOut    &               &       0.027   &               &       0.037   &               &       0.014   &               &       0.008   \\
            &               &     (0.182)   &               &     (0.185)   &               &     (0.192)   &               &     (0.199)   \\
r2_a        &       0.929   &       0.929   &       0.931   &       0.931   &       0.931   &       0.931   &       0.931   &       0.931   \\
N           &         494   &         494   &         494   &         494   &         494   &         494   &         494   &         494   \\

. 
. 
. 
. ****
. 
. xi: qui reg extreme2 outParty first  Rpol exec leg legl , robust cluster(name)

. est sto a

. xi: qui reg extreme2 outParty first firstOut  Rpol exec leg legl , robust cluster(name)

. est sto b

. 
. xi: qui reg extreme2 outParty first     Rpol exec leg legl , robust cluster(name)

. est sto c

. xi: qui reg extreme2 outParty first firstOut    Rpol exec leg legl , robust cluster(name)

. est sto d

. 
. xi: qui reg extreme2 outParty first    i.educ i.age Whi Rpol exec leg legl , robust cluster(name)
i.educ            _Ieduc_1-4          (_Ieduc_1 for educ==Advanced degree omitted)
i.age             _Iage_1-3           (_Iage_1 for age==18-29 omitted)

. est sto e

. xi: qui reg extreme2 outParty first firstOut   i.educ i.age Whi  Rpol exec leg legl , robust cluster(name)
i.educ            _Ieduc_1-4          (_Ieduc_1 for educ==Advanced degree omitted)
i.age             _Iage_1-3           (_Iage_1 for age==18-29 omitted)

. est sto f

. 
. 
. estout a b c d e f , keep ( outParty first firstOut ) style(tex) cells(b(star fmt(3)) se(par)) stats(r2_a N, fmt(%9.3f %9.0g)) starlevels(* 0.10 ** 0.0
> 5 *** 0.01)

            &           a   &           b   &           c   &           d   &           e   &           f   \\
            &        b/se   &        b/se   &        b/se   &        b/se   &        b/se   &        b/se   \\
outParty    &      -0.055*  &      -0.068   &      -0.055*  &      -0.068   &      -0.053   &      -0.064   \\
            &     (0.031)   &     (0.045)   &     (0.031)   &     (0.045)   &     (0.030)   &     (0.045)   \\
first       &       0.057   &       0.034   &       0.057   &       0.034   &       0.057   &       0.037   \\
            &     (0.035)   &     (0.045)   &     (0.035)   &     (0.045)   &     (0.034)   &     (0.044)   \\
firstOut    &               &       0.045   &               &       0.045   &               &       0.039   \\
            &               &     (0.061)   &               &     (0.061)   &               &     (0.060)   \\
r2_a        &       0.310   &       0.310   &       0.310   &       0.310   &       0.312   &       0.311   \\
N           &         495   &         495   &         495   &         495   &         495   &         495   \\

. 
. 
. 
. 
. 
. xi: qui reg extreme2b outParty first  Rpol exec leg legl , robust cluster(name)

. est sto a

. xi: qui reg extreme2b outParty first firstOut  Rpol exec leg legl , robust cluster(name)

. est sto b

. 
. xi: qui reg extreme2b outParty first     Rpol exec leg legl , robust cluster(name)

. est sto c

. xi: qui reg extreme2b outParty first firstOut    Rpol exec leg legl , robust cluster(name)

. est sto d

. 
. xi: qui reg extreme2b outParty first    i.educ i.age Whi Rpol exec leg legl , robust cluster(name)
i.educ            _Ieduc_1-4          (_Ieduc_1 for educ==Advanced degree omitted)
i.age             _Iage_1-3           (_Iage_1 for age==18-29 omitted)

. est sto e

. xi: qui reg extreme2b outParty first firstOut   i.educ i.age Whi  Rpol exec leg legl , robust cluster(name)
i.educ            _Ieduc_1-4          (_Ieduc_1 for educ==Advanced degree omitted)
i.age             _Iage_1-3           (_Iage_1 for age==18-29 omitted)

. est sto f

. 
. 
. estout a b c d e f , keep ( outParty first firstOut ) style(tex) cells(b(star fmt(3)) se(par)) stats(r2_a N, fmt(%9.3f %9.0g)) starlevels(* 0.10 ** 0.0
> 5 *** 0.01)

            &           a   &           b   &           c   &           d   &           e   &           f   \\
            &        b/se   &        b/se   &        b/se   &        b/se   &        b/se   &        b/se   \\
outParty    &      -0.066*  &      -0.080   &      -0.066*  &      -0.080   &      -0.064*  &      -0.075   \\
            &     (0.034)   &     (0.052)   &     (0.034)   &     (0.052)   &     (0.033)   &     (0.052)   \\
first       &       0.086*  &       0.061   &       0.086*  &       0.061   &       0.085*  &       0.065   \\
            &     (0.045)   &     (0.057)   &     (0.045)   &     (0.057)   &     (0.044)   &     (0.056)   \\
firstOut    &               &       0.047   &               &       0.047   &               &       0.038   \\
            &               &     (0.077)   &               &     (0.077)   &               &     (0.075)   \\
r2_a        &       0.351   &       0.350   &       0.351   &       0.350   &       0.353   &       0.353   \\
N           &         495   &         495   &         495   &         495   &         495   &         495   \\

. 
. 
. 
. 
. 
. 
. 
. 
. 
. 
. 
. 
. **************************
. 
. 
. 
. 
. xi: qui reg extpca outParty first  Rpol exec leg legl , robust cluster(name)

. est sto a

. xi: qui reg extpca outParty first firstOut  Rpol exec leg legl , robust cluster(name)

. est sto b

. 
. xi: qui reg extpca outParty first     Rpol exec leg legl , robust cluster(name)

. est sto c

. xi: qui reg extpca outParty first firstOut    Rpol exec leg legl , robust cluster(name)

. est sto d

. 
. xi: qui reg extpca outParty first    i.educ i.age Whi Rpol exec leg legl , robust cluster(name)
i.educ            _Ieduc_1-4          (_Ieduc_1 for educ==Advanced degree omitted)
i.age             _Iage_1-3           (_Iage_1 for age==18-29 omitted)

. est sto e

. xi: qui reg extpca outParty first firstOut   i.educ i.age Whi  Rpol exec leg legl , robust cluster(name)
i.educ            _Ieduc_1-4          (_Ieduc_1 for educ==Advanced degree omitted)
i.age             _Iage_1-3           (_Iage_1 for age==18-29 omitted)

. est sto f

. 
. 
. estout a b c d e f , keep ( outParty first firstOut ) style(tex) cells(b(star fmt(3)) se(par)) stats(r2_a N, fmt(%9.3f %9.0g)) starlevels(* 0.10 ** 0.0
> 5 *** 0.01)

            &           a   &           b   &           c   &           d   &           e   &           f   \\
            &        b/se   &        b/se   &        b/se   &        b/se   &        b/se   &        b/se   \\
outParty    &      -0.289*  &      -0.353   &      -0.289*  &      -0.353   &      -0.280*  &      -0.334   \\
            &     (0.154)   &     (0.232)   &     (0.154)   &     (0.232)   &     (0.152)   &     (0.232)   \\
first       &       0.336   &       0.219   &       0.336   &       0.219   &       0.335*  &       0.236   \\
            &     (0.189)   &     (0.242)   &     (0.189)   &     (0.242)   &     (0.186)   &     (0.238)   \\
firstOut    &               &       0.221   &               &       0.221   &               &       0.187   \\
            &               &     (0.330)   &               &     (0.330)   &               &     (0.322)   \\
r2_a        &       0.330   &       0.330   &       0.330   &       0.330   &       0.333   &       0.332   \\
N           &         495   &         495   &         495   &         495   &         495   &         495   \\

. 
. 
. log close
      name:  <unnamed>
       log:  C:\Users\dstone\Dropbox\who_how\scripts\survey\leg_pooled_fst.log
  log type:  text
 closed on:   2 Mar 2016, 10:38:29
---------------------------------------------------------------------------------------------------------------------------------------------------------
